2023-08-31 15:24:15,613 - ERROR - title '' - Content with the same title already exists.
2023-08-31 15:24:15,625 - ERROR - title '' - Content with the same title already exists.
2023-08-31 15:24:57,282 - ERROR - title 'Large Corner Lot, Close To Power, Free Of Zoning Restrictions' - Content with the same title already exists.
2023-08-31 15:24:57,283 - ERROR - title '36.82 Acres of Enchanting Bliss in Apache County, Arizona' - Content with the same title already exists.
2023-08-31 15:24:57,285 - ERROR - title 'Forested Corner Lot Featuring Power & Underground Utilities' - Content with the same title already exists.
2023-08-31 15:24:57,286 - ERROR - title 'Large Corner Lot With City Utilities In The Heart Of Pahrump' - Content with the same title already exists.
2023-08-31 15:24:57,287 - ERROR - title 'Unique Building Lot' - Content with the same title already exists.
2023-08-31 15:24:57,288 - ERROR - title 'French Gulch Territory' - Content with the same title already exists.
2023-08-31 15:24:57,289 - ERROR - title '5205 Aubrey' - Content with the same title already exists.
2023-08-31 15:24:57,291 - ERROR - title 'Power, Paved Roads & Water Service Blocks From The Ocean' - Content with the same title already exists.
2023-08-31 15:24:57,292 - ERROR - title 'Aspens and Pines awaiting you!' - Content with the same title already exists.
2023-08-31 15:24:57,293 - ERROR - title 'Whispering Trails' - Content with the same title already exists.
2023-08-31 15:24:57,294 - ERROR - title 'Whippoorwill Lot on Clearwater Lake' - Content with the same title already exists.
2023-08-31 15:24:57,296 - ERROR - title '0.32 Acres of Cleared Land Brunswick County!' - Content with the same title already exists.
2023-08-31 15:24:57,297 - ERROR - title 'Financing Available! Electricity available to this building lot!' - Content with the same title already exists.
2023-08-31 15:24:57,297 - ERROR - title '4.7 Acres in Johnson Valley, California!' - Content with the same title already exists.
2023-08-31 15:24:57,299 - ERROR - title 'Were selling with a discount below market value' - Content with the same title already exists.
2023-08-31 15:24:57,300 - ERROR - title 'Griffin 3' - Content with the same title already exists.
2023-08-31 15:24:57,301 - ERROR - title 'Small Hunting And Recreational Tract Near Conservation Ground' - Content with the same title already exists.
2023-08-31 15:24:57,302 - ERROR - title '0.34 Acres in Golf Community just minutes from NC Beaches!' - Content with the same title already exists.
2023-08-31 15:24:57,303 - ERROR - title 'Forested Hillside Lot In Colorado Mountain Estates' - Content with the same title already exists.
2023-08-31 15:24:57,306 - ERROR - title 'Hart’s Crossing Log Home Community Lot 10' - Content with the same title already exists.
2023-08-31 15:24:57,307 - ERROR - title 'California Land for Sale 0.26 acres, Lake View Lot' - Content with the same title already exists.
2023-08-31 15:24:57,308 - ERROR - title 'Fabulous Wet Mountain & Sangre De Cristo Views 2.52 Acres in Cotopaxi, CO' - Content with the same title already exists.
2023-08-31 15:24:57,310 - ERROR - title 'Three Lots With Roanoke River Views | 2.04 Acre in Franklin County, VA' - Content with the same title already exists.
2023-08-31 15:24:57,311 - ERROR - title 'Hart’s Crossing Log Home Community Lot 37' - Content with the same title already exists.
2023-08-31 15:24:57,311 - ERROR - title 'Mountainside Living with views, driveway and RV pad already here!' - Content with the same title already exists.
2023-08-31 15:24:57,694 - ERROR - title 'Forested Corner Lot With Power And Underground Utilities Available' - Content with the same title already exists.
2023-08-31 15:24:57,695 - ERROR - title '39.09 Recreational Lake County' - Content with the same title already exists.
2023-08-31 15:24:57,695 - ERROR - title 'Wooded Lot In Private Community' - Content with the same title already exists.
2023-08-31 15:24:57,696 - ERROR - title 'Affordable Level Lot - Private River Access' - Content with the same title already exists.
2023-08-31 15:24:57,697 - ERROR - title 'Serene Wooded Property Offering Privacy' - Content with the same title already exists.
2023-08-31 15:24:57,698 - ERROR - title '' - Content with the same title already exists.
2023-08-31 15:24:57,699 - ERROR - title 'Tract 7 | 2 Acre Building Tract' - Content with the same title already exists.
2023-08-31 15:24:57,700 - ERROR - title '' - Content with the same title already exists.
2023-08-31 15:24:57,702 - ERROR - title 'Remote 20 Acre with easy access!' - Content with the same title already exists.
2023-08-31 15:24:57,703 - ERROR - title '20 Acre corner lot with easy access!' - Content with the same title already exists.
2023-08-31 15:24:57,704 - ERROR - title '1.26 Acres in Palatka, FL #FL-1015' - Content with the same title already exists.
2023-08-31 15:24:57,705 - ERROR - title 'B494 Dukes HA Lot 3' - Content with the same title already exists.
2023-08-31 15:24:57,706 - ERROR - title 'AFFORDABLE MOUNTAIN LAND!' - Content with the same title already exists.
2023-08-31 15:24:57,707 - ERROR - title 'Tract 6 | 2 Acre Building Tract' - Content with the same title already exists.
2023-08-31 15:24:57,708 - ERROR - title 'Buildable Lot Near Rocky Mount' - Content with the same title already exists.
2023-08-31 15:24:57,708 - ERROR - title 'An Acre in Anderson, SC!' - Content with the same title already exists.
2023-08-31 15:24:57,726 - ERROR - title 'Investment Property for Sale in Bernie, MO' - Content with the same title already exists.
2023-08-31 15:24:57,765 - ERROR - title '' - Content with the same title already exists.
2023-08-31 15:24:57,767 - ERROR - title 'B495 Dukes HA Lot 2' - Content with the same title already exists.
2023-08-31 15:24:57,768 - ERROR - title '1.45 acres+/- Lot 10 Mountain Blue' - Content with the same title already exists.
2023-08-31 15:24:57,769 - ERROR - title '5.34 Acres Near Ramah, NM in Coveted Timberlake Ranch Community' - Content with the same title already exists.
2023-08-31 15:25:57,912 - ERROR - title 'Large Corner Lot, Close To Power, Free Of Zoning Restrictions' - Content with the same title already exists.
2023-08-31 15:25:57,913 - ERROR - title '36.82 Acres of Enchanting Bliss in Apache County, Arizona' - Content with the same title already exists.
2023-08-31 15:25:57,915 - ERROR - title 'Forested Corner Lot Featuring Power & Underground Utilities' - Content with the same title already exists.
2023-08-31 15:25:57,916 - ERROR - title 'Large Corner Lot With City Utilities In The Heart Of Pahrump' - Content with the same title already exists.
2023-08-31 15:25:57,917 - ERROR - title 'Unique Building Lot' - Content with the same title already exists.
2023-08-31 15:25:57,918 - ERROR - title 'French Gulch Territory' - Content with the same title already exists.
2023-08-31 15:25:57,924 - ERROR - title '5205 Aubrey' - Content with the same title already exists.
2023-08-31 15:25:57,953 - ERROR - title 'Power, Paved Roads & Water Service Blocks From The Ocean' - Content with the same title already exists.
2023-08-31 15:25:57,955 - ERROR - title 'Aspens and Pines awaiting you!' - Content with the same title already exists.
2023-08-31 15:25:57,956 - ERROR - title 'Whispering Trails' - Content with the same title already exists.
2023-08-31 15:25:57,957 - ERROR - title 'Whippoorwill Lot on Clearwater Lake' - Content with the same title already exists.
2023-08-31 15:25:57,958 - ERROR - title '0.32 Acres of Cleared Land Brunswick County!' - Content with the same title already exists.
2023-08-31 15:25:57,959 - ERROR - title 'Financing Available! Electricity available to this building lot!' - Content with the same title already exists.
2023-08-31 15:25:57,960 - ERROR - title '4.7 Acres in Johnson Valley, California!' - Content with the same title already exists.
2023-08-31 15:25:57,962 - ERROR - title 'Were selling with a discount below market value' - Content with the same title already exists.
2023-08-31 15:25:57,963 - ERROR - title 'Griffin 3' - Content with the same title already exists.
2023-08-31 15:25:57,963 - ERROR - title 'Small Hunting And Recreational Tract Near Conservation Ground' - Content with the same title already exists.
2023-08-31 15:25:57,964 - ERROR - title '0.34 Acres in Golf Community just minutes from NC Beaches!' - Content with the same title already exists.
2023-08-31 15:25:57,965 - ERROR - title 'Forested Hillside Lot In Colorado Mountain Estates' - Content with the same title already exists.
2023-08-31 15:25:57,966 - ERROR - title 'Hart’s Crossing Log Home Community Lot 10' - Content with the same title already exists.
2023-08-31 15:25:57,968 - ERROR - title 'California Land for Sale 0.26 acres, Lake View Lot' - Content with the same title already exists.
2023-08-31 15:25:57,968 - ERROR - title 'Fabulous Wet Mountain & Sangre De Cristo Views 2.52 Acres in Cotopaxi, CO' - Content with the same title already exists.
2023-08-31 15:25:57,970 - ERROR - title 'Three Lots With Roanoke River Views | 2.04 Acre in Franklin County, VA' - Content with the same title already exists.
2023-08-31 15:25:57,971 - ERROR - title 'Hart’s Crossing Log Home Community Lot 37' - Content with the same title already exists.
2023-08-31 15:25:57,972 - ERROR - title 'Mountainside Living with views, driveway and RV pad already here!' - Content with the same title already exists.
2023-08-31 15:25:58,250 - ERROR - title 'Forested Corner Lot With Power And Underground Utilities Available' - Content with the same title already exists.
2023-08-31 15:25:58,252 - ERROR - title '39.09 Recreational Lake County' - Content with the same title already exists.
2023-08-31 15:25:58,253 - ERROR - title 'Wooded Lot In Private Community' - Content with the same title already exists.
2023-08-31 15:25:58,254 - ERROR - title 'Affordable Level Lot - Private River Access' - Content with the same title already exists.
2023-08-31 15:25:58,255 - ERROR - title 'Serene Wooded Property Offering Privacy' - Content with the same title already exists.
2023-08-31 15:25:58,256 - ERROR - title '' - Content with the same title already exists.
2023-08-31 15:25:58,258 - ERROR - title 'Tract 7 | 2 Acre Building Tract' - Content with the same title already exists.
2023-08-31 15:25:58,258 - ERROR - title '' - Content with the same title already exists.
2023-08-31 15:25:58,259 - ERROR - title 'Remote 20 Acre with easy access!' - Content with the same title already exists.
2023-08-31 15:25:58,260 - ERROR - title '20 Acre corner lot with easy access!' - Content with the same title already exists.
2023-08-31 15:25:58,262 - ERROR - title '1.26 Acres in Palatka, FL #FL-1015' - Content with the same title already exists.
2023-08-31 15:25:58,263 - ERROR - title 'B494 Dukes HA Lot 3' - Content with the same title already exists.
2023-08-31 15:25:58,263 - ERROR - title 'AFFORDABLE MOUNTAIN LAND!' - Content with the same title already exists.
2023-08-31 15:25:58,264 - ERROR - title 'Tract 6 | 2 Acre Building Tract' - Content with the same title already exists.
2023-08-31 15:25:58,265 - ERROR - title 'Buildable Lot Near Rocky Mount' - Content with the same title already exists.
2023-08-31 15:25:58,266 - ERROR - title 'An Acre in Anderson, SC!' - Content with the same title already exists.
2023-08-31 15:25:58,271 - ERROR - title 'Investment Property for Sale in Bernie, MO' - Content with the same title already exists.
2023-08-31 15:25:58,278 - ERROR - title '' - Content with the same title already exists.
2023-08-31 15:25:58,281 - ERROR - title 'B495 Dukes HA Lot 2' - Content with the same title already exists.
2023-08-31 15:25:58,287 - ERROR - title '1.45 acres+/- Lot 10 Mountain Blue' - Content with the same title already exists.
2023-08-31 15:25:58,306 - ERROR - title '5.34 Acres Near Ramah, NM in Coveted Timberlake Ranch Community' - Content with the same title already exists.
2023-08-31 15:25:58,321 - ERROR - title 'Financing Available! Electricity available to this building lot!' - Content with the same title already exists.
2023-08-31 15:25:58,840 - ERROR - title '' - Content with the same title already exists.
2023-08-31 15:25:58,847 - ERROR - title '' - Content with the same title already exists.
2023-08-31 15:25:59,305 - ERROR - title 'Building Lots - Dresden, TN' - Content with the same title already exists.
2023-08-31 15:25:59,308 - ERROR - title '' - Content with the same title already exists.
2023-08-31 15:25:59,313 - ERROR - title '' - Content with the same title already exists.
2023-08-31 15:25:59,320 - ERROR - title '' - Content with the same title already exists.
2023-08-31 15:25:59,325 - ERROR - title '' - Content with the same title already exists.
2023-08-31 15:25:59,793 - ERROR - title '' - Content with the same title already exists.
2023-08-31 15:25:59,798 - ERROR - title 'Acreage - Bonnieville, KY' - Content with the same title already exists.
2023-08-31 15:25:59,812 - ERROR - title '' - Content with the same title already exists.
2023-08-31 15:26:00,329 - ERROR - title 'None' - Content with the same title already exists.
2023-08-31 15:26:00,330 - ERROR - title 'Residential - LEHIGH ACRES, FL' - Content with the same title already exists.
2023-08-31 15:26:00,337 - ERROR - title 'Unimproved Land - Whitney, TX' - Content with the same title already exists.
2023-08-31 15:26:00,338 - ERROR - title 'Unimproved Land - Whitney, TX' - Content with the same title already exists.
2023-08-31 15:26:00,839 - ERROR - title 'Land - INTERLACHEN, FL' - Content with the same title already exists.
2023-08-31 15:26:00,841 - ERROR - title 'None' - Content with the same title already exists.
2023-08-31 15:26:00,842 - ERROR - title 'None' - Content with the same title already exists.
2023-08-31 15:26:00,845 - ERROR - title 'Unimproved Land - Whitney, TX' - Content with the same title already exists.
2023-08-31 15:26:00,863 - ERROR - title 'Unimproved Land - Tupper Lake, NY' - Content with the same title already exists.
2023-08-31 15:26:00,868 - ERROR - title 'Unimproved Land - Tupper Lake, NY' - Content with the same title already exists.
2023-08-31 15:26:00,869 - ERROR - title 'Unimproved Land - Tupper Lake, NY' - Content with the same title already exists.
2023-08-31 15:26:00,870 - ERROR - title 'Unimproved Land - Tupper Lake, NY' - Content with the same title already exists.
2023-08-31 15:26:01,426 - ERROR - title 'None' - Content with the same title already exists.
2023-08-31 15:26:01,431 - ERROR - title 'None' - Content with the same title already exists.
2023-08-31 15:26:01,437 - ERROR - title 'Land - Grifton, NC' - Content with the same title already exists.
2023-08-31 15:26:02,075 - ERROR - title 'Land - Grifton, NC' - Content with the same title already exists.
2023-08-31 15:26:02,077 - ERROR - title 'Land - Grifton, NC' - Content with the same title already exists.
2023-08-31 15:26:02,079 - ERROR - title 'Land - Grifton, NC' - Content with the same title already exists.
2023-08-31 15:26:02,080 - ERROR - title 'Land - Grifton, NC' - Content with the same title already exists.
2023-08-31 15:26:02,081 - ERROR - title 'Land - Grifton, NC' - Content with the same title already exists.
2023-08-31 15:26:02,082 - ERROR - title 'Land - Grifton, NC' - Content with the same title already exists.
2023-08-31 15:26:02,083 - ERROR - title 'Land - Grifton, NC' - Content with the same title already exists.
2023-08-31 15:26:02,092 - ERROR - title 'Land - Ninilchik, AK' - Content with the same title already exists.
2023-08-31 15:26:02,939 - ERROR - title 'Residential - LEHIGH ACRES, FL' - Content with the same title already exists.
2023-08-31 15:26:02,943 - ERROR - title 'Residential - Camden, SC' - Content with the same title already exists.
2023-08-31 15:26:02,948 - ERROR - title 'None' - Content with the same title already exists.
2023-08-31 15:26:02,956 - ERROR - title 'Land - WEBSTER, FL' - Content with the same title already exists.
2023-08-31 15:26:02,961 - ERROR - title 'None' - Content with the same title already exists.
2023-08-31 15:26:02,967 - ERROR - title 'Unimproved Land - Whitney, TX' - Content with the same title already exists.
2023-08-31 15:26:03,896 - ERROR - title 'None' - Content with the same title already exists.
2023-08-31 15:26:03,898 - ERROR - title 'Single Family - Golden Eagle, IL' - Content with the same title already exists.
2023-08-31 15:26:03,899 - ERROR - title 'Single Family - Golden Eagle, IL' - Content with the same title already exists.
2023-08-31 15:26:03,900 - ERROR - title 'Single Family - Golden Eagle, IL' - Content with the same title already exists.
2023-08-31 15:26:03,901 - ERROR - title 'Single Family - Golden Eagle, IL' - Content with the same title already exists.
2023-08-31 15:26:03,902 - ERROR - title 'Single Family - Golden Eagle, IL' - Content with the same title already exists.
2023-08-31 15:26:03,903 - ERROR - title 'Single Family - Golden Eagle, IL' - Content with the same title already exists.
2023-08-31 15:26:03,904 - ERROR - title 'Single Family - Golden Eagle, IL' - Content with the same title already exists.
2023-08-31 15:26:03,905 - ERROR - title 'Single Family - Golden Eagle, IL' - Content with the same title already exists.
2023-08-31 15:26:03,909 - ERROR - title 'Residential - LEHIGH ACRES, FL' - Content with the same title already exists.
2023-08-31 15:26:04,739 - ERROR - title 'Single Family - Speedwell, TN' - Content with the same title already exists.
2023-08-31 15:26:04,740 - ERROR - title 'Single Family - Speedwell, TN' - Content with the same title already exists.
2023-08-31 15:26:04,742 - ERROR - title 'Single Family - Speedwell, TN' - Content with the same title already exists.
2023-08-31 15:26:04,743 - ERROR - title 'Single Family - Speedwell, TN' - Content with the same title already exists.
2023-08-31 15:26:04,746 - ERROR - title 'Single Family - Speedwell, TN' - Content with the same title already exists.
2023-08-31 15:26:04,747 - ERROR - title 'Single Family - Speedwell, TN' - Content with the same title already exists.
2023-08-31 15:26:04,749 - ERROR - title 'Single Family - Speedwell, TN' - Content with the same title already exists.
2023-08-31 15:26:04,750 - ERROR - title 'None' - Content with the same title already exists.
2023-08-31 15:26:04,752 - ERROR - title 'Single Family - Speedwell, TN' - Content with the same title already exists.
2023-08-31 15:26:04,754 - ERROR - title 'Vacant Lot - Murphy, NC' - Content with the same title already exists.
2023-08-31 15:26:04,769 - ERROR - title 'Unimproved Land - Whitney, TX' - Content with the same title already exists.
2023-08-31 15:26:04,817 - ERROR - title '' - Content with the same title already exists.
2023-08-31 15:26:04,823 - ERROR - title 'Residential - LEHIGH ACRES, FL' - Content with the same title already exists.
2023-08-31 15:26:05,474 - ERROR - title 'Land - Grifton, NC' - Content with the same title already exists.
2023-08-31 15:26:05,476 - ERROR - title 'Unimproved Land - Whitney, TX' - Content with the same title already exists.
2023-08-31 15:26:05,478 - ERROR - title 'None' - Content with the same title already exists.
2023-08-31 15:26:05,480 - ERROR - title '' - Content with the same title already exists.
2023-08-31 15:26:05,482 - ERROR - title 'None' - Content with the same title already exists.
2023-08-31 15:26:05,484 - ERROR - title 'None' - Content with the same title already exists.
2023-08-31 15:26:05,487 - ERROR - title 'None' - Content with the same title already exists.
2023-08-31 15:26:05,491 - ERROR - title 'Vacant Land - Burkesville, KY' - Content with the same title already exists.
2023-08-31 15:26:05,497 - ERROR - title 'Land/Lot - Barstow, CA' - Content with the same title already exists.
2023-08-31 15:26:06,143 - ERROR - title 'Land/Lot - Joshua Tree, CA' - Content with the same title already exists.
2023-08-31 15:26:06,146 - ERROR - title 'Land/Lot - Joshua Tree, CA' - Content with the same title already exists.
2023-08-31 15:26:06,150 - ERROR - title 'Lot/Land - Guntown, MS' - Content with the same title already exists.
2023-08-31 15:26:06,151 - ERROR - title 'Lot/Land - Guntown, MS' - Content with the same title already exists.
2023-08-31 15:26:06,153 - ERROR - title 'Residential - Sebring, FL' - Content with the same title already exists.
2023-08-31 15:26:06,157 - ERROR - title 'Rural,Single Family - Etowah, TN' - Content with the same title already exists.
2023-08-31 15:26:06,158 - ERROR - title 'Residential - Sebring, FL' - Content with the same title already exists.
2023-08-31 15:26:06,668 - ERROR - title 'None' - Content with the same title already exists.
2023-08-31 15:26:06,670 - ERROR - title 'None' - Content with the same title already exists.
2023-08-31 15:26:06,671 - ERROR - title 'None' - Content with the same title already exists.
2023-08-31 15:26:06,672 - ERROR - title 'None' - Content with the same title already exists.
2023-08-31 15:26:06,672 - ERROR - title 'None' - Content with the same title already exists.
2023-08-31 15:26:06,673 - ERROR - title 'Residential - LEHIGH ACRES, FL' - Content with the same title already exists.
2023-08-31 15:26:06,675 - ERROR - title 'Residential - LEHIGH ACRES, FL' - Content with the same title already exists.
2023-08-31 15:26:06,676 - ERROR - title 'None' - Content with the same title already exists.
2023-08-31 15:26:06,678 - ERROR - title 'None' - Content with the same title already exists.
2023-08-31 15:26:06,680 - ERROR - title 'None' - Content with the same title already exists.
2023-08-31 15:26:06,681 - ERROR - title 'None' - Content with the same title already exists.
2023-08-31 15:26:06,682 - ERROR - title 'None' - Content with the same title already exists.
2023-08-31 15:26:06,683 - ERROR - title 'None' - Content with the same title already exists.
2023-08-31 15:26:06,683 - ERROR - title 'None' - Content with the same title already exists.
2023-08-31 15:26:06,684 - ERROR - title 'None' - Content with the same title already exists.
2023-08-31 15:26:06,685 - ERROR - title 'None' - Content with the same title already exists.
2023-08-31 15:26:06,687 - ERROR - title 'None' - Content with the same title already exists.
2023-08-31 15:26:06,688 - ERROR - title 'None' - Content with the same title already exists.
2023-08-31 15:26:06,689 - ERROR - title 'None' - Content with the same title already exists.
2023-08-31 15:26:06,690 - ERROR - title 'None' - Content with the same title already exists.
2023-08-31 15:26:06,691 - ERROR - title 'None' - Content with the same title already exists.
2023-08-31 15:26:06,692 - ERROR - title 'None' - Content with the same title already exists.
2023-08-31 15:26:06,693 - ERROR - title 'None' - Content with the same title already exists.
2023-08-31 15:26:07,209 - ERROR - title 'Vacant Lot - Ellijay, GA' - Content with the same title already exists.
2023-08-31 15:26:07,213 - ERROR - title 'None' - Content with the same title already exists.
2023-08-31 15:26:07,215 - ERROR - title 'Residential - Murray, KY' - Content with the same title already exists.
2023-08-31 15:26:07,216 - ERROR - title 'Unimproved Land - Whitney, TX' - Content with the same title already exists.
2023-08-31 15:26:07,220 - ERROR - title 'Land - Cripple Creek, CO' - Content with the same title already exists.
2023-08-31 15:26:07,222 - ERROR - title 'Residential - Sebring, FL' - Content with the same title already exists.
2023-08-31 15:26:07,224 - ERROR - title 'Residential - Sebring, FL' - Content with the same title already exists.
2023-08-31 15:26:07,225 - ERROR - title 'Land/Lot - Joshua Tree, CA' - Content with the same title already exists.
2023-08-31 15:26:07,226 - ERROR - title 'Residential - Sebring, FL' - Content with the same title already exists.
2023-08-31 15:26:07,228 - ERROR - title 'None' - Content with the same title already exists.
2023-08-31 15:26:07,229 - ERROR - title 'None' - Content with the same title already exists.
2023-08-31 15:26:07,230 - ERROR - title 'None' - Content with the same title already exists.
2023-08-31 15:26:07,233 - ERROR - title 'Residential - Sebring, FL' - Content with the same title already exists.
2023-08-31 15:26:07,235 - ERROR - title 'Residential - Sebring, FL' - Content with the same title already exists.
2023-08-31 15:26:07,236 - ERROR - title 'Unimproved Land - Adairsville, GA' - Content with the same title already exists.
2023-08-31 15:26:07,781 - ERROR - title 'None' - Content with the same title already exists.
2023-08-31 15:26:07,786 - ERROR - title 'Vacant Lots - Elmira, MI' - Content with the same title already exists.
2023-08-31 15:26:07,788 - ERROR - title 'None' - Content with the same title already exists.
2023-08-31 15:26:07,792 - ERROR - title 'Land - Lake Ozark, MO' - Content with the same title already exists.
2023-08-31 15:26:07,793 - ERROR - title 'None' - Content with the same title already exists.
2023-08-31 15:26:07,794 - ERROR - title 'Vacant Lots - Elmira, MI' - Content with the same title already exists.
2023-08-31 15:26:07,794 - ERROR - title 'Vacant Lots - Elmira, MI' - Content with the same title already exists.
2023-08-31 15:26:07,796 - ERROR - title 'Lot - Corbin, KY' - Content with the same title already exists.
2023-08-31 15:26:07,801 - ERROR - title 'None' - Content with the same title already exists.
2023-08-31 15:26:07,803 - ERROR - title 'Residential Lot - Claremore, OK' - Content with the same title already exists.
2023-08-31 15:26:07,805 - ERROR - title 'None' - Content with the same title already exists.
2023-08-31 15:26:08,472 - ERROR - title 'None' - Content with the same title already exists.
2023-08-31 15:26:08,475 - ERROR - title 'Vacant land - GRANTSVILLE, MD' - Content with the same title already exists.
2023-08-31 15:26:08,486 - ERROR - title 'None' - Content with the same title already exists.
2023-08-31 15:26:08,488 - ERROR - title 'None' - Content with the same title already exists.
2023-08-31 15:26:08,508 - ERROR - title 'None' - Content with the same title already exists.
2023-08-31 15:26:08,560 - ERROR - title 'Vacant Land - Homosassa, FL' - Content with the same title already exists.
2023-08-31 15:26:09,145 - ERROR - title 'Land and Farms - Sierra Blanca, TX' - Content with the same title already exists.
2023-08-31 15:26:09,150 - ERROR - title 'Lot, Lots/Land/Farm - Rocky Mount, VA' - Content with the same title already exists.
2023-08-31 15:26:09,150 - ERROR - title 'None' - Content with the same title already exists.
2023-08-31 15:26:09,153 - ERROR - title 'None' - Content with the same title already exists.
2023-08-31 15:26:09,156 - ERROR - title 'Residential Lot(s) - Kimberling City, MO' - Content with the same title already exists.
2023-08-31 15:26:09,158 - ERROR - title 'Residential Lot - Landrum, SC' - Content with the same title already exists.
2023-08-31 15:26:09,773 - ERROR - title 'None' - Content with the same title already exists.
2023-08-31 15:26:09,774 - ERROR - title 'None' - Content with the same title already exists.
2023-08-31 15:26:09,784 - ERROR - title 'Vacant land - MONTROSS, VA' - Content with the same title already exists.
2023-08-31 15:26:09,785 - ERROR - title 'Vacant Lot - Ellijay, GA' - Content with the same title already exists.
2023-08-31 15:26:09,788 - ERROR - title 'None' - Content with the same title already exists.
2023-08-31 15:26:10,340 - ERROR - title 'Land/Lot - 29 Palms, CA' - Content with the same title already exists.
2023-08-31 15:26:10,349 - ERROR - title 'Residential - LEHIGH ACRES, FL' - Content with the same title already exists.
2023-08-31 15:26:10,357 - ERROR - title 'Land/Lot - Joshua Tree, CA' - Content with the same title already exists.
2023-08-31 15:26:10,358 - ERROR - title 'Residential Lots - Chiloquin, OR' - Content with the same title already exists.
2023-08-31 15:26:10,359 - ERROR - title 'None' - Content with the same title already exists.
2023-08-31 15:26:10,361 - ERROR - title 'Land - Cripple Creek, CO' - Content with the same title already exists.
2023-08-31 15:26:10,787 - ERROR - title 'Land - Hertford, NC' - Content with the same title already exists.
2023-08-31 15:26:10,789 - ERROR - title 'Land - Mountainair, NM' - Content with the same title already exists.
2023-08-31 15:26:10,790 - ERROR - title 'Residential Lot(s) - Branson, MO' - Content with the same title already exists.
2023-08-31 15:26:10,791 - ERROR - title 'None' - Content with the same title already exists.
2023-08-31 15:26:10,792 - ERROR - title 'None' - Content with the same title already exists.
2023-08-31 15:26:10,794 - ERROR - title 'Land - PORT CHARLOTTE, FL' - Content with the same title already exists.
2023-08-31 15:26:10,800 - ERROR - title 'Residential - Tubac, AZ' - Content with the same title already exists.
2023-08-31 15:26:10,801 - ERROR - title 'Residential Lot(s) - Branson, MO' - Content with the same title already exists.
2023-08-31 15:26:10,802 - ERROR - title 'Residential Lot - LaGrange, GA' - Content with the same title already exists.
2023-08-31 15:26:10,802 - ERROR - title 'Residential Lot - LaGrange, GA' - Content with the same title already exists.
2023-08-31 15:26:10,806 - ERROR - title 'Cross Property - Paoli, IN' - Content with the same title already exists.
2023-08-31 15:26:10,807 - ERROR - title 'None' - Content with the same title already exists.
2023-08-31 15:26:10,808 - ERROR - title 'Residential - LEHIGH ACRES, FL' - Content with the same title already exists.
2023-08-31 15:26:11,309 - ERROR - title 'Residential - LEHIGH ACRES, FL' - Content with the same title already exists.
2023-08-31 15:26:11,313 - ERROR - title 'Rural - Bagley, WI' - Content with the same title already exists.
2023-08-31 15:26:11,321 - ERROR - title 'Land - Ocean Isle Beach, NC' - Content with the same title already exists.
2023-08-31 15:26:11,337 - ERROR - title 'Residential - St. Johns, AZ' - Content with the same title already exists.
2023-08-31 15:26:11,343 - ERROR - title 'Land - WEEKI WACHEE, FL' - Content with the same title already exists.
2023-08-31 15:26:11,344 - ERROR - title 'None' - Content with the same title already exists.
2023-08-31 15:26:11,818 - ERROR - title '' - Content with the same title already exists.
2023-08-31 15:26:11,822 - ERROR - title 'Residential Lots - Chiloquin, OR' - Content with the same title already exists.
2023-08-31 15:26:11,824 - ERROR - title 'Lot - Russell Springs, KY' - Content with the same title already exists.
2023-08-31 15:26:11,824 - ERROR - title 'Lot - Russell Springs, KY' - Content with the same title already exists.
2023-08-31 15:26:11,825 - ERROR - title 'Lot - Russell Springs, KY' - Content with the same title already exists.
2023-08-31 15:26:11,827 - ERROR - title 'None' - Content with the same title already exists.
2023-08-31 15:26:11,827 - ERROR - title 'Residential - LEHIGH ACRES, FL' - Content with the same title already exists.
2023-08-31 15:26:11,831 - ERROR - title 'Unimproved Land - Whitney, TX' - Content with the same title already exists.
2023-08-31 15:26:11,833 - ERROR - title 'Land/Lot - Joshua Tree, CA' - Content with the same title already exists.
2023-08-31 15:26:11,835 - ERROR - title 'Vacant Land - Vernon, TX' - Content with the same title already exists.
2023-08-31 15:26:11,836 - ERROR - title 'Vacant Land - Vernon, TX' - Content with the same title already exists.
2023-08-31 15:26:11,838 - ERROR - title 'Vacant Land - Vernon, TX' - Content with the same title already exists.
2023-08-31 15:26:12,272 - ERROR - title 'None' - Content with the same title already exists.
2023-08-31 15:26:12,275 - ERROR - title 'Lot - Russell Springs, KY' - Content with the same title already exists.
2023-08-31 15:26:12,279 - ERROR - title 'Developed Residential - LAGRANGE, GA' - Content with the same title already exists.
2023-08-31 15:26:12,281 - ERROR - title 'Developed Residential - LAGRANGE, GA' - Content with the same title already exists.
2023-08-31 15:26:12,282 - ERROR - title 'None' - Content with the same title already exists.
2023-08-31 15:26:12,294 - ERROR - title 'Vacant Land - Manistique, MI' - Content with the same title already exists.
2023-08-31 15:26:12,379 - ERROR - title '' - Content with the same title already exists.
2023-08-31 15:26:12,415 - ERROR - title 'None' - Content with the same title already exists.
2023-08-31 15:26:12,906 - ERROR - title 'Land - Rio Rancho, NM' - Content with the same title already exists.
2023-08-31 15:26:12,908 - ERROR - title 'None' - Content with the same title already exists.
2023-08-31 15:26:12,909 - ERROR - title 'None' - Content with the same title already exists.
2023-08-31 15:26:12,915 - ERROR - title 'Vacant land - AUBURN, PA' - Content with the same title already exists.
2023-08-31 15:26:12,916 - ERROR - title 'None' - Content with the same title already exists.
2023-08-31 15:26:12,918 - ERROR - title 'Land - Whitingham, VT' - Content with the same title already exists.
2023-08-31 15:26:12,922 - ERROR - title 'Residential - PORT CHARLOTTE, FL' - Content with the same title already exists.
2023-08-31 15:26:12,924 - ERROR - title 'Single Family - Rockwood, TN' - Content with the same title already exists.
2023-08-31 15:26:12,925 - ERROR - title 'Residential Lot(s) - Branson, MO' - Content with the same title already exists.
2023-08-31 15:26:12,927 - ERROR - title 'Lot - Russell Springs, KY' - Content with the same title already exists.
2023-08-31 15:26:12,928 - ERROR - title 'Residential - LEHIGH ACRES, FL' - Content with the same title already exists.
2023-08-31 15:26:12,934 - ERROR - title 'None' - Content with the same title already exists.
2023-08-31 15:26:12,936 - ERROR - title 'None' - Content with the same title already exists.
2023-08-31 15:26:12,939 - ERROR - title 'None' - Content with the same title already exists.
2023-08-31 15:26:13,406 - ERROR - title 'Residential - LEHIGH ACRES, FL' - Content with the same title already exists.
2023-08-31 15:26:13,412 - ERROR - title 'Residential Lots - Klamath Falls, OR' - Content with the same title already exists.
2023-08-31 15:26:13,416 - ERROR - title 'Land/Acreage - Milton, FL' - Content with the same title already exists.
2023-08-31 15:26:13,422 - ERROR - title 'Residential - Estherville, IA' - Content with the same title already exists.
2023-08-31 15:26:13,429 - ERROR - title 'Lots - CRANE HILL, AL' - Content with the same title already exists.
2023-08-31 15:26:13,433 - ERROR - title 'Residential Lot - Westminster, SC' - Content with the same title already exists.
2023-08-31 15:26:13,434 - ERROR - title 'None' - Content with the same title already exists.
2023-08-31 15:26:13,435 - ERROR - title 'None' - Content with the same title already exists.
2023-08-31 15:26:13,438 - ERROR - title 'None' - Content with the same title already exists.
2023-08-31 15:26:13,440 - ERROR - title 'None' - Content with the same title already exists.
2023-08-31 15:26:13,446 - ERROR - title 'Land - PORT CHARLOTTE, FL' - Content with the same title already exists.
2023-08-31 15:26:13,881 - ERROR - title 'None' - Content with the same title already exists.
2023-08-31 15:26:13,889 - ERROR - title 'None' - Content with the same title already exists.
2023-08-31 15:26:13,890 - ERROR - title 'Lot, Lots/Land/Farm - Rocky Mount, VA' - Content with the same title already exists.
2023-08-31 15:26:13,892 - ERROR - title 'None' - Content with the same title already exists.
2023-08-31 15:26:13,895 - ERROR - title 'Lot - Russell Springs, KY' - Content with the same title already exists.
2023-08-31 15:26:13,898 - ERROR - title 'Land - PORT CHARLOTTE, FL' - Content with the same title already exists.
2023-08-31 15:26:13,901 - ERROR - title 'None' - Content with the same title already exists.
2023-08-31 15:26:13,902 - ERROR - title 'Single Family Land - Walsenburg, CO' - Content with the same title already exists.
2023-08-31 15:26:13,904 - ERROR - title '' - Content with the same title already exists.
2023-08-31 15:26:13,910 - ERROR - title 'Lake Lot - Cleveland, OK' - Content with the same title already exists.
2023-08-31 15:26:14,400 - ERROR - title 'Single Family Lot - Lake Almanor, CA' - Content with the same title already exists.
2023-08-31 15:26:14,402 - ERROR - title 'None' - Content with the same title already exists.
2023-08-31 15:26:14,403 - ERROR - title 'None' - Content with the same title already exists.
2023-08-31 15:26:14,408 - ERROR - title 'Lot, Lots/Land/Farm - Rocky Mount, VA' - Content with the same title already exists.
2023-08-31 15:26:14,408 - ERROR - title 'None' - Content with the same title already exists.
2023-08-31 15:26:14,409 - ERROR - title 'None' - Content with the same title already exists.
2023-08-31 15:26:14,410 - ERROR - title 'Vacant Lots - Elmira, MI' - Content with the same title already exists.
2023-08-31 15:26:14,411 - ERROR - title 'Vacant Lot - Ellijay, GA' - Content with the same title already exists.
2023-08-31 15:26:14,415 - ERROR - title 'Single Family - Rockwood, TN' - Content with the same title already exists.
2023-08-31 15:26:14,417 - ERROR - title 'VACANT LAND - Silver Springs, NV' - Content with the same title already exists.
2023-08-31 15:26:14,420 - ERROR - title 'None' - Content with the same title already exists.
2023-08-31 15:26:14,424 - ERROR - title 'Vacant Lots - Elmira, MI' - Content with the same title already exists.
2023-08-31 15:26:14,424 - ERROR - title 'Residential - Seligman, AZ' - Content with the same title already exists.
2023-08-31 15:26:14,975 - ERROR - title 'None' - Content with the same title already exists.
2023-08-31 15:26:14,980 - ERROR - title 'Santee Cooper Land - Manning, SC' - Content with the same title already exists.
2023-08-31 15:26:14,982 - ERROR - title 'Residential Lots - Klamath Falls, OR' - Content with the same title already exists.
2023-08-31 15:26:14,988 - ERROR - title 'Land - Pearisburg, VA' - Content with the same title already exists.
2023-08-31 15:26:14,991 - ERROR - title 'None' - Content with the same title already exists.
2023-08-31 15:26:14,994 - ERROR - title 'Single Family Lot - Wofford Heights, CA' - Content with the same title already exists.
2023-08-31 15:26:14,996 - ERROR - title 'Lots - Holiday Island, AR' - Content with the same title already exists.
2023-08-31 15:26:14,997 - ERROR - title 'Land - Campton, NH' - Content with the same title already exists.
2023-08-31 15:26:14,998 - ERROR - title 'None' - Content with the same title already exists.
2023-08-31 15:26:15,006 - ERROR - title 'Vacant Lots - Elmira, MI' - Content with the same title already exists.
2023-08-31 15:26:15,065 - ERROR - title 'Vacant Lot - Blairsville, GA' - Content with the same title already exists.
2023-08-31 15:26:15,077 - ERROR - title 'Residential - LEHIGH ACRES, FL' - Content with the same title already exists.
2023-08-31 15:26:15,536 - ERROR - title 'None' - Content with the same title already exists.
